<?xml version="1.0" encoding="UTF-8"?>
<!-- Generated by org.testng.reporters.JUnitReportReporter -->
<testsuite hostname="DESKTOP-O0EVOC1" failures="0" tests="1" name="Test_Cases.Login" time="16.734" errors="0" timestamp="2022-07-29T17:48:13 IST" skipped="0">
  <testcase classname="Test_Cases.Login" name="Login_New" time="16.734"/>
  <system-out/>
</testsuite> <!-- Test_Cases.Login -->
