<?xml version="1.0" encoding="UTF-8"?>
<!-- Generated by org.testng.reporters.JUnitReportReporter -->
<testsuite hostname="DESKTOP-O0EVOC1" failures="0" tests="1" name="Test_Cases.Login" time="15.175" errors="0" timestamp="2022-07-29T18:37:26 IST" skipped="0">
  <testcase classname="Test_Cases.Login" name="Login_New" time="15.175"/>
  <system-out/>
</testsuite> <!-- Test_Cases.Login -->
